#! /usr/bin/vvp
:ivl_version "11.0 (stable)";
:ivl_delay_selection "TYPICAL";
:vpi_time_precision + 0;
:vpi_module "/usr/lib/x86_64-linux-gnu/ivl/system.vpi";
:vpi_module "/usr/lib/x86_64-linux-gnu/ivl/vhdl_sys.vpi";
:vpi_module "/usr/lib/x86_64-linux-gnu/ivl/vhdl_textio.vpi";
:vpi_module "/usr/lib/x86_64-linux-gnu/ivl/v2005_math.vpi";
:vpi_module "/usr/lib/x86_64-linux-gnu/ivl/va_math.vpi";
S_0x5cab6f76ad90 .scope module, "q2_b" "q2_b" 2 1;
 .timescale 0 0;
    .port_info 0 /INPUT 1 "a";
    .port_info 1 /INPUT 1 "b";
    .port_info 2 /INPUT 1 "c";
    .port_info 3 /INPUT 1 "d";
    .port_info 4 /OUTPUT 1 "f";
o0x70b0f26e8378 .functor BUFZ 1, C4<z>; HiZ drive
L_0x5cab6f7b74e0 .functor NOT 1, o0x70b0f26e8378, C4<0>, C4<0>, C4<0>;
o0x70b0f26e83a8 .functor BUFZ 1, C4<z>; HiZ drive
L_0x5cab6f7b75a0 .functor OR 1, L_0x5cab6f7b74e0, o0x70b0f26e83a8, C4<0>, C4<0>;
o0x70b0f26e83d8 .functor BUFZ 1, C4<z>; HiZ drive
L_0x5cab6f7b7640 .functor OR 1, L_0x5cab6f7b75a0, o0x70b0f26e83d8, C4<0>, C4<0>;
o0x70b0f26e8348 .functor BUFZ 1, C4<z>; HiZ drive
L_0x5cab6f7b7730 .functor NOT 1, o0x70b0f26e8348, C4<0>, C4<0>, C4<0>;
L_0x5cab6f7b7830 .functor OR 1, L_0x5cab6f7b7730, o0x70b0f26e83a8, C4<0>, C4<0>;
L_0x5cab6f7b7970 .functor NOT 1, o0x70b0f26e83d8, C4<0>, C4<0>, C4<0>;
L_0x5cab6f7b7a70 .functor OR 1, L_0x5cab6f7b7830, L_0x5cab6f7b7970, C4<0>, C4<0>;
L_0x5cab6f7b7b80 .functor AND 1, L_0x5cab6f7b7640, L_0x5cab6f7b7a70, C4<1>, C4<1>;
L_0x5cab6f7b7ce0 .functor NOT 1, o0x70b0f26e8348, C4<0>, C4<0>, C4<0>;
L_0x5cab6f7b7da0 .functor OR 1, L_0x5cab6f7b7ce0, o0x70b0f26e8378, C4<0>, C4<0>;
L_0x5cab6f7b7f10 .functor NOT 1, o0x70b0f26e83a8, C4<0>, C4<0>, C4<0>;
L_0x5cab6f7b7f80 .functor OR 1, L_0x5cab6f7b7da0, L_0x5cab6f7b7f10, C4<0>, C4<0>;
L_0x5cab6f7b80b0 .functor AND 1, L_0x5cab6f7b7b80, L_0x5cab6f7b7f80, C4<1>, C4<1>;
L_0x5cab6f7b81c0 .functor NOT 1, o0x70b0f26e8378, C4<0>, C4<0>, C4<0>;
L_0x5cab6f7b8040 .functor OR 1, o0x70b0f26e8348, L_0x5cab6f7b81c0, C4<0>, C4<0>;
L_0x5cab6f7b8300 .functor NOT 1, o0x70b0f26e83a8, C4<0>, C4<0>, C4<0>;
L_0x5cab6f7b8400 .functor OR 1, L_0x5cab6f7b8040, L_0x5cab6f7b8300, C4<0>, C4<0>;
L_0x5cab6f7b84c0 .functor AND 1, L_0x5cab6f7b80b0, L_0x5cab6f7b8400, C4<1>, C4<1>;
v0x5cab6f76afa0_0 .net *"_ivl_0", 0 0, L_0x5cab6f7b74e0;  1 drivers
v0x5cab6f7b6160_0 .net *"_ivl_10", 0 0, L_0x5cab6f7b7970;  1 drivers
v0x5cab6f7b6240_0 .net *"_ivl_12", 0 0, L_0x5cab6f7b7a70;  1 drivers
v0x5cab6f7b6330_0 .net *"_ivl_14", 0 0, L_0x5cab6f7b7b80;  1 drivers
v0x5cab6f7b6410_0 .net *"_ivl_16", 0 0, L_0x5cab6f7b7ce0;  1 drivers
v0x5cab6f7b64f0_0 .net *"_ivl_18", 0 0, L_0x5cab6f7b7da0;  1 drivers
v0x5cab6f7b65d0_0 .net *"_ivl_2", 0 0, L_0x5cab6f7b75a0;  1 drivers
v0x5cab6f7b66b0_0 .net *"_ivl_20", 0 0, L_0x5cab6f7b7f10;  1 drivers
v0x5cab6f7b6790_0 .net *"_ivl_22", 0 0, L_0x5cab6f7b7f80;  1 drivers
v0x5cab6f7b6870_0 .net *"_ivl_24", 0 0, L_0x5cab6f7b80b0;  1 drivers
v0x5cab6f7b6950_0 .net *"_ivl_26", 0 0, L_0x5cab6f7b81c0;  1 drivers
v0x5cab6f7b6a30_0 .net *"_ivl_28", 0 0, L_0x5cab6f7b8040;  1 drivers
v0x5cab6f7b6b10_0 .net *"_ivl_30", 0 0, L_0x5cab6f7b8300;  1 drivers
v0x5cab6f7b6bf0_0 .net *"_ivl_32", 0 0, L_0x5cab6f7b8400;  1 drivers
v0x5cab6f7b6cd0_0 .net *"_ivl_4", 0 0, L_0x5cab6f7b7640;  1 drivers
v0x5cab6f7b6db0_0 .net *"_ivl_6", 0 0, L_0x5cab6f7b7730;  1 drivers
v0x5cab6f7b6e90_0 .net *"_ivl_8", 0 0, L_0x5cab6f7b7830;  1 drivers
v0x5cab6f7b7080_0 .net "a", 0 0, o0x70b0f26e8348;  0 drivers
v0x5cab6f7b7140_0 .net "b", 0 0, o0x70b0f26e8378;  0 drivers
v0x5cab6f7b7200_0 .net "c", 0 0, o0x70b0f26e83a8;  0 drivers
v0x5cab6f7b72c0_0 .net "d", 0 0, o0x70b0f26e83d8;  0 drivers
v0x5cab6f7b7380_0 .net "f", 0 0, L_0x5cab6f7b84c0;  1 drivers
# The file index is used to find the file name in the following table.
:file_names 3;
    "N/A";
    "<interactive>";
    "q2_b.v";
