#! /usr/bin/vvp
:ivl_version "11.0 (stable)";
:ivl_delay_selection "TYPICAL";
:vpi_time_precision + 0;
:vpi_module "/usr/lib/x86_64-linux-gnu/ivl/system.vpi";
:vpi_module "/usr/lib/x86_64-linux-gnu/ivl/vhdl_sys.vpi";
:vpi_module "/usr/lib/x86_64-linux-gnu/ivl/vhdl_textio.vpi";
:vpi_module "/usr/lib/x86_64-linux-gnu/ivl/v2005_math.vpi";
:vpi_module "/usr/lib/x86_64-linux-gnu/ivl/va_math.vpi";
S_0x5db8fd519d90 .scope module, "q1" "q1" 2 1;
 .timescale 0 0;
    .port_info 0 /INPUT 1 "a";
    .port_info 1 /INPUT 1 "b";
    .port_info 2 /INPUT 1 "c";
    .port_info 3 /INPUT 1 "d";
    .port_info 4 /OUTPUT 1 "f";
o0x7389100e8228 .functor BUFZ 1, C4<z>; HiZ drive
o0x7389100e8258 .functor BUFZ 1, C4<z>; HiZ drive
L_0x5db8fd563a70 .functor OR 1, o0x7389100e8228, o0x7389100e8258, C4<0>, C4<0>;
o0x7389100e81f8 .functor BUFZ 1, C4<z>; HiZ drive
L_0x5db8fd563b60 .functor OR 1, o0x7389100e81f8, o0x7389100e8228, C4<0>, C4<0>;
L_0x5db8fd563c30 .functor NOT 1, o0x7389100e8258, C4<0>, C4<0>, C4<0>;
L_0x5db8fd563cf0 .functor OR 1, L_0x5db8fd563b60, L_0x5db8fd563c30, C4<0>, C4<0>;
L_0x5db8fd563e30 .functor AND 1, L_0x5db8fd563a70, L_0x5db8fd563cf0, C4<1>, C4<1>;
L_0x5db8fd563f40 .functor NOT 1, o0x7389100e81f8, C4<0>, C4<0>, C4<0>;
L_0x5db8fd564040 .functor NOT 1, o0x7389100e8228, C4<0>, C4<0>, C4<0>;
L_0x5db8fd5640b0 .functor OR 1, L_0x5db8fd563f40, L_0x5db8fd564040, C4<0>, C4<0>;
L_0x5db8fd564210 .functor OR 1, L_0x5db8fd5640b0, o0x7389100e8258, C4<0>, C4<0>;
L_0x5db8fd5642d0 .functor AND 1, L_0x5db8fd563e30, L_0x5db8fd564210, C4<1>, C4<1>;
v0x5db8fd519fa0_0 .net *"_ivl_0", 0 0, L_0x5db8fd563a70;  1 drivers
v0x5db8fd562f00_0 .net *"_ivl_10", 0 0, L_0x5db8fd563f40;  1 drivers
v0x5db8fd562fe0_0 .net *"_ivl_12", 0 0, L_0x5db8fd564040;  1 drivers
v0x5db8fd5630d0_0 .net *"_ivl_14", 0 0, L_0x5db8fd5640b0;  1 drivers
v0x5db8fd5631b0_0 .net *"_ivl_16", 0 0, L_0x5db8fd564210;  1 drivers
v0x5db8fd563290_0 .net *"_ivl_2", 0 0, L_0x5db8fd563b60;  1 drivers
v0x5db8fd563370_0 .net *"_ivl_4", 0 0, L_0x5db8fd563c30;  1 drivers
v0x5db8fd563450_0 .net *"_ivl_6", 0 0, L_0x5db8fd563cf0;  1 drivers
v0x5db8fd563530_0 .net *"_ivl_8", 0 0, L_0x5db8fd563e30;  1 drivers
o0x7389100e81c8 .functor BUFZ 1, C4<z>; HiZ drive
v0x5db8fd563610_0 .net "a", 0 0, o0x7389100e81c8;  0 drivers
v0x5db8fd5636d0_0 .net "b", 0 0, o0x7389100e81f8;  0 drivers
v0x5db8fd563790_0 .net "c", 0 0, o0x7389100e8228;  0 drivers
v0x5db8fd563850_0 .net "d", 0 0, o0x7389100e8258;  0 drivers
v0x5db8fd563910_0 .net "f", 0 0, L_0x5db8fd5642d0;  1 drivers
# The file index is used to find the file name in the following table.
:file_names 3;
    "N/A";
    "<interactive>";
    "q2_a.v";
