#! /usr/bin/vvp
:ivl_version "11.0 (stable)";
:ivl_delay_selection "TYPICAL";
:vpi_time_precision + 0;
:vpi_module "/usr/lib/x86_64-linux-gnu/ivl/system.vpi";
:vpi_module "/usr/lib/x86_64-linux-gnu/ivl/vhdl_sys.vpi";
:vpi_module "/usr/lib/x86_64-linux-gnu/ivl/vhdl_textio.vpi";
:vpi_module "/usr/lib/x86_64-linux-gnu/ivl/v2005_math.vpi";
:vpi_module "/usr/lib/x86_64-linux-gnu/ivl/va_math.vpi";
S_0x5f7af9832d90 .scope module, "q3" "q3" 2 1;
 .timescale 0 0;
    .port_info 0 /INPUT 1 "a";
    .port_info 1 /INPUT 1 "b";
    .port_info 2 /INPUT 1 "c";
    .port_info 3 /INPUT 1 "d";
    .port_info 4 /OUTPUT 1 "f";
o0x7edcb9a4b138 .functor BUFZ 1, C4<z>; HiZ drive
L_0x5f7af987bf30 .functor NOT 1, o0x7edcb9a4b138, C4<0>, C4<0>, C4<0>;
o0x7edcb9a4b168 .functor BUFZ 1, C4<z>; HiZ drive
L_0x5f7af987bff0 .functor AND 1, L_0x5f7af987bf30, o0x7edcb9a4b168, C4<1>, C4<1>;
o0x7edcb9a4b198 .functor BUFZ 1, C4<z>; HiZ drive
L_0x5f7af987c090 .functor AND 1, o0x7edcb9a4b168, o0x7edcb9a4b198, C4<1>, C4<1>;
o0x7edcb9a4b1c8 .functor BUFZ 1, C4<z>; HiZ drive
L_0x5f7af987c180 .functor AND 1, L_0x5f7af987c090, o0x7edcb9a4b1c8, C4<1>, C4<1>;
L_0x5f7af987c2a0 .functor OR 1, L_0x5f7af987bff0, L_0x5f7af987c180, C4<0>, C4<0>;
L_0x5f7af987c3e0 .functor AND 1, o0x7edcb9a4b198, o0x7edcb9a4b1c8, C4<1>, C4<1>;
L_0x5f7af987c530 .functor OR 1, L_0x5f7af987c2a0, L_0x5f7af987c3e0, C4<0>, C4<0>;
v0x5f7af9832fa0_0 .net *"_ivl_0", 0 0, L_0x5f7af987bf30;  1 drivers
v0x5f7af987b5a0_0 .net *"_ivl_10", 0 0, L_0x5f7af987c3e0;  1 drivers
v0x5f7af987b680_0 .net *"_ivl_2", 0 0, L_0x5f7af987bff0;  1 drivers
v0x5f7af987b770_0 .net *"_ivl_4", 0 0, L_0x5f7af987c090;  1 drivers
v0x5f7af987b850_0 .net *"_ivl_6", 0 0, L_0x5f7af987c180;  1 drivers
v0x5f7af987b930_0 .net *"_ivl_8", 0 0, L_0x5f7af987c2a0;  1 drivers
v0x5f7af987ba10_0 .net "a", 0 0, o0x7edcb9a4b138;  0 drivers
v0x5f7af987bad0_0 .net "b", 0 0, o0x7edcb9a4b168;  0 drivers
v0x5f7af987bb90_0 .net "c", 0 0, o0x7edcb9a4b198;  0 drivers
v0x5f7af987bc50_0 .net "d", 0 0, o0x7edcb9a4b1c8;  0 drivers
v0x5f7af987bd10_0 .net "f", 0 0, L_0x5f7af987c530;  1 drivers
o0x7edcb9a4b228 .functor BUFZ 1, C4<z>; HiZ drive
v0x5f7af987bdd0_0 .net "g", 0 0, o0x7edcb9a4b228;  0 drivers
# The file index is used to find the file name in the following table.
:file_names 3;
    "N/A";
    "<interactive>";
    "q1.v";
