#! /usr/bin/vvp
:ivl_version "11.0 (stable)";
:ivl_delay_selection "TYPICAL";
:vpi_time_precision + 0;
:vpi_module "/usr/lib/x86_64-linux-gnu/ivl/system.vpi";
:vpi_module "/usr/lib/x86_64-linux-gnu/ivl/vhdl_sys.vpi";
:vpi_module "/usr/lib/x86_64-linux-gnu/ivl/vhdl_textio.vpi";
:vpi_module "/usr/lib/x86_64-linux-gnu/ivl/v2005_math.vpi";
:vpi_module "/usr/lib/x86_64-linux-gnu/ivl/va_math.vpi";
S_0x566ab6c31cf0 .scope module, "ex2" "ex2" 2 1;
 .timescale 0 0;
    .port_info 0 /INPUT 1 "a";
    .port_info 1 /INPUT 1 "b";
    .port_info 2 /INPUT 1 "c";
    .port_info 3 /INPUT 1 "d";
    .port_info 4 /OUTPUT 1 "f";
    .port_info 5 /OUTPUT 1 "g";
o0x7f549169a3d8 .functor BUFZ 1, C4<z>; HiZ drive
L_0x566ab6c7f670 .functor NOT 1, o0x7f549169a3d8, C4<0>, C4<0>, C4<0>;
o0x7f549169a378 .functor BUFZ 1, C4<z>; HiZ drive
L_0x566ab6c7f730 .functor AND 1, o0x7f549169a378, L_0x566ab6c7f670, C4<1>, C4<1>;
o0x7f549169a3a8 .functor BUFZ 1, C4<z>; HiZ drive
L_0x566ab6c7f800 .functor AND 1, o0x7f549169a3a8, o0x7f549169a3d8, C4<1>, C4<1>;
L_0x566ab6c7f8f0 .functor OR 1, L_0x566ab6c7f730, L_0x566ab6c7f800, C4<0>, C4<0>;
L_0x566ab6c7fa30 .functor NOT 1, o0x7f549169a3a8, C4<0>, C4<0>, C4<0>;
L_0x566ab6c7faf0 .functor NOT 1, o0x7f549169a3d8, C4<0>, C4<0>, C4<0>;
L_0x566ab6c7fba0 .functor AND 1, L_0x566ab6c7fa30, L_0x566ab6c7faf0, C4<1>, C4<1>;
L_0x566ab6c7fcb0 .functor OR 1, L_0x566ab6c7f8f0, L_0x566ab6c7fba0, C4<0>, C4<0>;
L_0x566ab6c7fe10 .functor NOT 1, o0x7f549169a3a8, C4<0>, C4<0>, C4<0>;
L_0x566ab6c7fe80 .functor OR 1, o0x7f549169a378, L_0x566ab6c7fe10, C4<0>, C4<0>;
L_0x566ab6c7fff0 .functor OR 1, L_0x566ab6c7fe80, o0x7f549169a3d8, C4<0>, C4<0>;
L_0x566ab6c80100 .functor NOT 1, o0x7f549169a3d8, C4<0>, C4<0>, C4<0>;
L_0x566ab6c80310 .functor AND 1, L_0x566ab6c7fff0, L_0x566ab6c80270, C4<1>, C4<1>;
L_0x566ab6c80420 .functor NOT 1, o0x7f549169a378, C4<0>, C4<0>, C4<0>;
L_0x566ab6c80200 .functor OR 1, L_0x566ab6c80420, o0x7f549169a3a8, C4<0>, C4<0>;
L_0x566ab6c805a0 .functor NOT 1, o0x7f549169a3d8, C4<0>, C4<0>, C4<0>;
L_0x566ab6c806a0 .functor OR 1, L_0x566ab6c80200, L_0x566ab6c805a0, C4<0>, C4<0>;
L_0x566ab6c807b0 .functor AND 1, L_0x566ab6c80310, L_0x566ab6c806a0, C4<1>, C4<1>;
v0x566ab6c31f20_0 .net *"_ivl_0", 0 0, L_0x566ab6c7f670;  1 drivers
v0x566ab6c7e080_0 .net *"_ivl_10", 0 0, L_0x566ab6c7faf0;  1 drivers
v0x566ab6c7e160_0 .net *"_ivl_12", 0 0, L_0x566ab6c7fba0;  1 drivers
v0x566ab6c7e220_0 .net *"_ivl_16", 0 0, L_0x566ab6c7fe10;  1 drivers
v0x566ab6c7e300_0 .net *"_ivl_18", 0 0, L_0x566ab6c7fe80;  1 drivers
v0x566ab6c7e430_0 .net *"_ivl_2", 0 0, L_0x566ab6c7f730;  1 drivers
v0x566ab6c7e510_0 .net *"_ivl_20", 0 0, L_0x566ab6c7fff0;  1 drivers
v0x566ab6c7e5f0_0 .net *"_ivl_22", 0 0, L_0x566ab6c80060;  1 drivers
v0x566ab6c7e6d0_0 .net *"_ivl_24", 0 0, L_0x566ab6c80100;  1 drivers
v0x566ab6c7e840_0 .net *"_ivl_26", 0 0, L_0x566ab6c80270;  1 drivers
v0x566ab6c7e920_0 .net *"_ivl_28", 0 0, L_0x566ab6c80310;  1 drivers
v0x566ab6c7ea00_0 .net *"_ivl_30", 0 0, L_0x566ab6c80420;  1 drivers
v0x566ab6c7eae0_0 .net *"_ivl_32", 0 0, L_0x566ab6c80200;  1 drivers
v0x566ab6c7ebc0_0 .net *"_ivl_34", 0 0, L_0x566ab6c805a0;  1 drivers
v0x566ab6c7eca0_0 .net *"_ivl_36", 0 0, L_0x566ab6c806a0;  1 drivers
v0x566ab6c7ed80_0 .net *"_ivl_4", 0 0, L_0x566ab6c7f800;  1 drivers
v0x566ab6c7ee60_0 .net *"_ivl_6", 0 0, L_0x566ab6c7f8f0;  1 drivers
v0x566ab6c7f050_0 .net *"_ivl_8", 0 0, L_0x566ab6c7fa30;  1 drivers
v0x566ab6c7f130_0 .net "a", 0 0, o0x7f549169a378;  0 drivers
v0x566ab6c7f1f0_0 .net "b", 0 0, o0x7f549169a3a8;  0 drivers
v0x566ab6c7f2b0_0 .net "c", 0 0, o0x7f549169a3d8;  0 drivers
o0x7f549169a408 .functor BUFZ 1, C4<z>; HiZ drive
v0x566ab6c7f370_0 .net "d", 0 0, o0x7f549169a408;  0 drivers
v0x566ab6c7f430_0 .net "f", 0 0, L_0x566ab6c7fcb0;  1 drivers
v0x566ab6c7f4f0_0 .net "g", 0 0, L_0x566ab6c807b0;  1 drivers
L_0x566ab6c80060 .arith/sum 1, o0x7f549169a378, o0x7f549169a3a8;
L_0x566ab6c80270 .arith/sum 1, L_0x566ab6c80060, L_0x566ab6c80100;
# The file index is used to find the file name in the following table.
:file_names 3;
    "N/A";
    "<interactive>";
    "q3.v";
