#! /usr/bin/vvp
:ivl_version "11.0 (stable)";
:ivl_delay_selection "TYPICAL";
:vpi_time_precision + 0;
:vpi_module "/usr/lib/x86_64-linux-gnu/ivl/system.vpi";
:vpi_module "/usr/lib/x86_64-linux-gnu/ivl/vhdl_sys.vpi";
:vpi_module "/usr/lib/x86_64-linux-gnu/ivl/vhdl_textio.vpi";
:vpi_module "/usr/lib/x86_64-linux-gnu/ivl/v2005_math.vpi";
:vpi_module "/usr/lib/x86_64-linux-gnu/ivl/va_math.vpi";
S_0x57e3321dad90 .scope module, "q1" "q1" 2 1;
 .timescale 0 0;
    .port_info 0 /INPUT 1 "a";
    .port_info 1 /INPUT 1 "b";
    .port_info 2 /INPUT 1 "c";
    .port_info 3 /INPUT 1 "d";
    .port_info 4 /OUTPUT 1 "f";
o0x726c9eeb8318 .functor BUFZ 1, C4<z>; HiZ drive
L_0x57e332227040 .functor NOT 1, o0x726c9eeb8318, C4<0>, C4<0>, C4<0>;
o0x726c9eeb8348 .functor BUFZ 1, C4<z>; HiZ drive
L_0x57e332227100 .functor NOT 1, o0x726c9eeb8348, C4<0>, C4<0>, C4<0>;
L_0x57e3322271d0 .functor AND 1, L_0x57e332227040, L_0x57e332227100, C4<1>, C4<1>;
o0x726c9eeb83a8 .functor BUFZ 1, C4<z>; HiZ drive
L_0x57e3322272c0 .functor AND 1, L_0x57e3322271d0, o0x726c9eeb83a8, C4<1>, C4<1>;
o0x726c9eeb8378 .functor BUFZ 1, C4<z>; HiZ drive
L_0x57e3322273b0 .functor NOT 1, o0x726c9eeb8378, C4<0>, C4<0>, C4<0>;
L_0x57e332227450 .functor AND 1, o0x726c9eeb8348, L_0x57e3322273b0, C4<1>, C4<1>;
L_0x57e3322275d0 .functor NOT 1, o0x726c9eeb83a8, C4<0>, C4<0>, C4<0>;
L_0x57e332227690 .functor AND 1, L_0x57e332227450, L_0x57e3322275d0, C4<1>, C4<1>;
L_0x57e3322277f0 .functor OR 1, L_0x57e3322272c0, L_0x57e332227690, C4<0>, C4<0>;
L_0x57e332227900 .functor NOT 1, o0x726c9eeb8348, C4<0>, C4<0>, C4<0>;
L_0x57e3322279d0 .functor AND 1, o0x726c9eeb8318, L_0x57e332227900, C4<1>, C4<1>;
L_0x57e332227a90 .functor AND 1, L_0x57e3322279d0, o0x726c9eeb83a8, C4<1>, C4<1>;
L_0x57e332227bc0 .functor OR 1, L_0x57e3322277f0, L_0x57e332227a90, C4<0>, C4<0>;
L_0x57e332227cd0 .functor NOT 1, o0x726c9eeb8348, C4<0>, C4<0>, C4<0>;
L_0x57e332227b50 .functor AND 1, o0x726c9eeb8318, L_0x57e332227cd0, C4<1>, C4<1>;
L_0x57e332227dc0 .functor AND 1, L_0x57e332227b50, o0x726c9eeb8378, C4<1>, C4<1>;
L_0x57e332227f60 .functor OR 1, L_0x57e332227bc0, L_0x57e332227dc0, C4<0>, C4<0>;
v0x57e3321dafa0_0 .net *"_ivl_0", 0 0, L_0x57e332227040;  1 drivers
v0x57e332225da0_0 .net *"_ivl_10", 0 0, L_0x57e332227450;  1 drivers
v0x57e332225e80_0 .net *"_ivl_12", 0 0, L_0x57e3322275d0;  1 drivers
v0x57e332225f70_0 .net *"_ivl_14", 0 0, L_0x57e332227690;  1 drivers
v0x57e332226050_0 .net *"_ivl_16", 0 0, L_0x57e3322277f0;  1 drivers
v0x57e332226130_0 .net *"_ivl_18", 0 0, L_0x57e332227900;  1 drivers
v0x57e332226210_0 .net *"_ivl_2", 0 0, L_0x57e332227100;  1 drivers
v0x57e3322262f0_0 .net *"_ivl_20", 0 0, L_0x57e3322279d0;  1 drivers
v0x57e3322263d0_0 .net *"_ivl_22", 0 0, L_0x57e332227a90;  1 drivers
v0x57e3322264b0_0 .net *"_ivl_24", 0 0, L_0x57e332227bc0;  1 drivers
v0x57e332226590_0 .net *"_ivl_26", 0 0, L_0x57e332227cd0;  1 drivers
v0x57e332226670_0 .net *"_ivl_28", 0 0, L_0x57e332227b50;  1 drivers
v0x57e332226750_0 .net *"_ivl_30", 0 0, L_0x57e332227dc0;  1 drivers
v0x57e332226830_0 .net *"_ivl_4", 0 0, L_0x57e3322271d0;  1 drivers
v0x57e332226910_0 .net *"_ivl_6", 0 0, L_0x57e3322272c0;  1 drivers
v0x57e3322269f0_0 .net *"_ivl_8", 0 0, L_0x57e3322273b0;  1 drivers
v0x57e332226ad0_0 .net "a", 0 0, o0x726c9eeb8318;  0 drivers
v0x57e332226ca0_0 .net "b", 0 0, o0x726c9eeb8348;  0 drivers
v0x57e332226d60_0 .net "c", 0 0, o0x726c9eeb8378;  0 drivers
v0x57e332226e20_0 .net "d", 0 0, o0x726c9eeb83a8;  0 drivers
v0x57e332226ee0_0 .net "f", 0 0, L_0x57e332227f60;  1 drivers
# The file index is used to find the file name in the following table.
:file_names 3;
    "N/A";
    "<interactive>";
    "q1_b.v";
