#! /usr/bin/vvp
:ivl_version "11.0 (stable)";
:ivl_delay_selection "TYPICAL";
:vpi_time_precision + 0;
:vpi_module "/usr/lib/x86_64-linux-gnu/ivl/system.vpi";
:vpi_module "/usr/lib/x86_64-linux-gnu/ivl/vhdl_sys.vpi";
:vpi_module "/usr/lib/x86_64-linux-gnu/ivl/vhdl_textio.vpi";
:vpi_module "/usr/lib/x86_64-linux-gnu/ivl/v2005_math.vpi";
:vpi_module "/usr/lib/x86_64-linux-gnu/ivl/va_math.vpi";
S_0x5ca1388d2d90 .scope module, "q2" "q2" 2 1;
 .timescale 0 0;
    .port_info 0 /INPUT 1 "a";
    .port_info 1 /INPUT 1 "b";
    .port_info 2 /INPUT 1 "c";
    .port_info 3 /INPUT 1 "d";
    .port_info 4 /OUTPUT 1 "f";
o0x7dccdb79f228 .functor BUFZ 1, C4<z>; HiZ drive
o0x7dccdb79f288 .functor BUFZ 1, C4<z>; HiZ drive
L_0x5ca13891d3d0 .functor AND 1, o0x7dccdb79f228, o0x7dccdb79f288, C4<1>, C4<1>;
o0x7dccdb79f2b8 .functor BUFZ 1, C4<z>; HiZ drive
L_0x5ca13891d4c0 .functor NOT 1, o0x7dccdb79f2b8, C4<0>, C4<0>, C4<0>;
L_0x5ca13891d590 .functor AND 1, L_0x5ca13891d3d0, L_0x5ca13891d4c0, C4<1>, C4<1>;
L_0x5ca13891d680 .functor NOT 1, L_0x5ca13891d590, C4<0>, C4<0>, C4<0>;
o0x7dccdb79f258 .functor BUFZ 1, C4<z>; HiZ drive
L_0x5ca13891d770 .functor AND 1, o0x7dccdb79f258, o0x7dccdb79f2b8, C4<1>, C4<1>;
L_0x5ca13891d830 .functor NOT 1, L_0x5ca13891d770, C4<0>, C4<0>, C4<0>;
L_0x5ca13891d930 .functor AND 1, L_0x5ca13891d680, L_0x5ca13891d830, C4<1>, C4<1>;
L_0x5ca13891da40 .functor NOT 1, o0x7dccdb79f228, C4<0>, C4<0>, C4<0>;
L_0x5ca13891db50 .functor AND 1, L_0x5ca13891da40, o0x7dccdb79f258, C4<1>, C4<1>;
L_0x5ca13891dc60 .functor AND 1, L_0x5ca13891db50, o0x7dccdb79f288, C4<1>, C4<1>;
L_0x5ca13891ddd0 .functor NOT 1, L_0x5ca13891dc60, C4<0>, C4<0>, C4<0>;
L_0x5ca13891de40 .functor AND 1, L_0x5ca13891d930, L_0x5ca13891ddd0, C4<1>, C4<1>;
v0x5ca1388d2fa0_0 .net *"_ivl_0", 0 0, L_0x5ca13891d3d0;  1 drivers
v0x5ca13891c6a0_0 .net *"_ivl_10", 0 0, L_0x5ca13891d830;  1 drivers
v0x5ca13891c780_0 .net *"_ivl_12", 0 0, L_0x5ca13891d930;  1 drivers
v0x5ca13891c870_0 .net *"_ivl_14", 0 0, L_0x5ca13891da40;  1 drivers
v0x5ca13891c950_0 .net *"_ivl_16", 0 0, L_0x5ca13891db50;  1 drivers
v0x5ca13891ca30_0 .net *"_ivl_18", 0 0, L_0x5ca13891dc60;  1 drivers
v0x5ca13891cb10_0 .net *"_ivl_2", 0 0, L_0x5ca13891d4c0;  1 drivers
v0x5ca13891cbf0_0 .net *"_ivl_20", 0 0, L_0x5ca13891ddd0;  1 drivers
v0x5ca13891ccd0_0 .net *"_ivl_4", 0 0, L_0x5ca13891d590;  1 drivers
v0x5ca13891cdb0_0 .net *"_ivl_6", 0 0, L_0x5ca13891d680;  1 drivers
v0x5ca13891ce90_0 .net *"_ivl_8", 0 0, L_0x5ca13891d770;  1 drivers
v0x5ca13891cf70_0 .net "a", 0 0, o0x7dccdb79f228;  0 drivers
v0x5ca13891d030_0 .net "b", 0 0, o0x7dccdb79f258;  0 drivers
v0x5ca13891d0f0_0 .net "c", 0 0, o0x7dccdb79f288;  0 drivers
v0x5ca13891d1b0_0 .net "d", 0 0, o0x7dccdb79f2b8;  0 drivers
v0x5ca13891d270_0 .net "f", 0 0, L_0x5ca13891de40;  1 drivers
# The file index is used to find the file name in the following table.
:file_names 3;
    "N/A";
    "<interactive>";
    "q2.v";
