#! /usr/bin/vvp
:ivl_version "11.0 (stable)";
:ivl_delay_selection "TYPICAL";
:vpi_time_precision + 0;
:vpi_module "/usr/lib/x86_64-linux-gnu/ivl/system.vpi";
:vpi_module "/usr/lib/x86_64-linux-gnu/ivl/vhdl_sys.vpi";
:vpi_module "/usr/lib/x86_64-linux-gnu/ivl/vhdl_textio.vpi";
:vpi_module "/usr/lib/x86_64-linux-gnu/ivl/v2005_math.vpi";
:vpi_module "/usr/lib/x86_64-linux-gnu/ivl/va_math.vpi";
S_0x5a4710209d90 .scope module, "q1" "q1" 2 1;
 .timescale 0 0;
    .port_info 0 /INPUT 1 "a";
    .port_info 1 /INPUT 1 "b";
    .port_info 2 /INPUT 1 "c";
    .port_info 3 /INPUT 1 "d";
    .port_info 4 /OUTPUT 1 "f";
o0x7276a78b8168 .functor BUFZ 1, C4<z>; HiZ drive
L_0x5a4710252870 .functor NOT 1, o0x7276a78b8168, C4<0>, C4<0>, C4<0>;
o0x7276a78b8138 .functor BUFZ 1, C4<z>; HiZ drive
L_0x5a4710252930 .functor AND 1, o0x7276a78b8138, L_0x5a4710252870, C4<1>, C4<1>;
L_0x5a4710252a00 .functor NOT 1, L_0x5a4710252930, C4<0>, C4<0>, C4<0>;
o0x7276a78b81c8 .functor BUFZ 1, C4<z>; HiZ drive
L_0x5a4710252ac0 .functor NOT 1, o0x7276a78b81c8, C4<0>, C4<0>, C4<0>;
o0x7276a78b8198 .functor BUFZ 1, C4<z>; HiZ drive
L_0x5a4710252b90 .functor AND 1, o0x7276a78b8198, L_0x5a4710252ac0, C4<1>, C4<1>;
L_0x5a4710252cb0 .functor NOT 1, L_0x5a4710252b90, C4<0>, C4<0>, C4<0>;
L_0x5a4710252db0 .functor AND 1, L_0x5a4710252a00, L_0x5a4710252cb0, C4<1>, C4<1>;
v0x5a4710209fa0_0 .net *"_ivl_0", 0 0, L_0x5a4710252870;  1 drivers
v0x5a4710251fa0_0 .net *"_ivl_10", 0 0, L_0x5a4710252cb0;  1 drivers
v0x5a4710252080_0 .net *"_ivl_2", 0 0, L_0x5a4710252930;  1 drivers
v0x5a4710252170_0 .net *"_ivl_4", 0 0, L_0x5a4710252a00;  1 drivers
v0x5a4710252250_0 .net *"_ivl_6", 0 0, L_0x5a4710252ac0;  1 drivers
v0x5a4710252330_0 .net *"_ivl_8", 0 0, L_0x5a4710252b90;  1 drivers
v0x5a4710252410_0 .net "a", 0 0, o0x7276a78b8138;  0 drivers
v0x5a47102524d0_0 .net "b", 0 0, o0x7276a78b8168;  0 drivers
v0x5a4710252590_0 .net "c", 0 0, o0x7276a78b8198;  0 drivers
v0x5a4710252650_0 .net "d", 0 0, o0x7276a78b81c8;  0 drivers
v0x5a4710252710_0 .net "f", 0 0, L_0x5a4710252db0;  1 drivers
# The file index is used to find the file name in the following table.
:file_names 3;
    "N/A";
    "<interactive>";
    "q1.v";
