#! /usr/bin/vvp
:ivl_version "11.0 (stable)";
:ivl_delay_selection "TYPICAL";
:vpi_time_precision + 0;
:vpi_module "/usr/lib/x86_64-linux-gnu/ivl/system.vpi";
:vpi_module "/usr/lib/x86_64-linux-gnu/ivl/vhdl_sys.vpi";
:vpi_module "/usr/lib/x86_64-linux-gnu/ivl/vhdl_textio.vpi";
:vpi_module "/usr/lib/x86_64-linux-gnu/ivl/v2005_math.vpi";
:vpi_module "/usr/lib/x86_64-linux-gnu/ivl/va_math.vpi";
S_0x5d66bf9a9d90 .scope module, "example" "example" 2 1;
 .timescale 0 0;
    .port_info 0 /INPUT 1 "a";
    .port_info 1 /INPUT 1 "b";
    .port_info 2 /INPUT 1 "c";
    .port_info 3 /INPUT 1 "d";
    .port_info 4 /OUTPUT 1 "y";
o0x7f39c4fcf168 .functor BUFZ 1, C4<z>; HiZ drive
o0x7f39c4fcf198 .functor BUFZ 1, C4<z>; HiZ drive
L_0x5d66bf9f3150 .functor AND 1, o0x7f39c4fcf168, o0x7f39c4fcf198, C4<1>, C4<1>;
o0x7f39c4fcf1c8 .functor BUFZ 1, C4<z>; HiZ drive
L_0x5d66bf9f3240 .functor OR 1, L_0x5d66bf9f3150, o0x7f39c4fcf1c8, C4<0>, C4<0>;
L_0x5d66bf9f32e0 .functor NOT 1, L_0x5d66bf9f3240, C4<0>, C4<0>, C4<0>;
o0x7f39c4fcf1f8 .functor BUFZ 1, C4<z>; HiZ drive
L_0x5d66bf9f33d0 .functor AND 1, L_0x5d66bf9f32e0, o0x7f39c4fcf1f8, C4<1>, C4<1>;
L_0x5d66bf9f34c0 .functor AND 1, o0x7f39c4fcf168, o0x7f39c4fcf198, C4<1>, C4<1>;
L_0x5d66bf9f3600 .functor OR 1, L_0x5d66bf9f34c0, o0x7f39c4fcf1c8, C4<0>, C4<0>;
L_0x5d66bf9f3750 .functor OR 1, L_0x5d66bf9f3600, o0x7f39c4fcf1f8, C4<0>, C4<0>;
L_0x5d66bf9f3860 .functor AND 1, L_0x5d66bf9f33d0, L_0x5d66bf9f3750, C4<1>, C4<1>;
v0x5d66bf9a9fa0_0 .net *"_ivl_0", 0 0, L_0x5d66bf9f3150;  1 drivers
v0x5d66bf9f27a0_0 .net *"_ivl_10", 0 0, L_0x5d66bf9f3600;  1 drivers
v0x5d66bf9f2880_0 .net *"_ivl_12", 0 0, L_0x5d66bf9f3750;  1 drivers
v0x5d66bf9f2970_0 .net *"_ivl_2", 0 0, L_0x5d66bf9f3240;  1 drivers
v0x5d66bf9f2a50_0 .net *"_ivl_4", 0 0, L_0x5d66bf9f32e0;  1 drivers
v0x5d66bf9f2b30_0 .net *"_ivl_6", 0 0, L_0x5d66bf9f33d0;  1 drivers
v0x5d66bf9f2c10_0 .net *"_ivl_8", 0 0, L_0x5d66bf9f34c0;  1 drivers
v0x5d66bf9f2cf0_0 .net "a", 0 0, o0x7f39c4fcf168;  0 drivers
v0x5d66bf9f2db0_0 .net "b", 0 0, o0x7f39c4fcf198;  0 drivers
v0x5d66bf9f2e70_0 .net "c", 0 0, o0x7f39c4fcf1c8;  0 drivers
v0x5d66bf9f2f30_0 .net "d", 0 0, o0x7f39c4fcf1f8;  0 drivers
v0x5d66bf9f2ff0_0 .net "y", 0 0, L_0x5d66bf9f3860;  1 drivers
# The file index is used to find the file name in the following table.
:file_names 3;
    "N/A";
    "<interactive>";
    "example.v";
