#! /usr/bin/vvp
:ivl_version "11.0 (stable)";
:ivl_delay_selection "TYPICAL";
:vpi_time_precision + 0;
:vpi_module "/usr/lib/x86_64-linux-gnu/ivl/system.vpi";
:vpi_module "/usr/lib/x86_64-linux-gnu/ivl/vhdl_sys.vpi";
:vpi_module "/usr/lib/x86_64-linux-gnu/ivl/vhdl_textio.vpi";
:vpi_module "/usr/lib/x86_64-linux-gnu/ivl/v2005_math.vpi";
:vpi_module "/usr/lib/x86_64-linux-gnu/ivl/va_math.vpi";
S_0x62ec2f56dcf0 .scope module, "ex2" "ex2" 2 1;
 .timescale 0 0;
    .port_info 0 /INPUT 1 "a";
    .port_info 1 /INPUT 1 "b";
    .port_info 2 /INPUT 1 "c";
    .port_info 3 /INPUT 1 "d";
    .port_info 4 /OUTPUT 1 "f";
    .port_info 5 /OUTPUT 1 "g";
o0x7f47d26434c8 .functor BUFZ 1, C4<z>; HiZ drive
o0x7f47d26434f8 .functor BUFZ 1, C4<z>; HiZ drive
L_0x62ec2f5bdda0 .functor AND 1, o0x7f47d26434c8, o0x7f47d26434f8, C4<1>, C4<1>;
L_0x62ec2f5bde90 .functor AND 1, o0x7f47d26434c8, o0x7f47d26434f8, C4<1>, C4<1>;
L_0x62ec2f5bdf80 .functor NOT 1, L_0x62ec2f5bde90, C4<0>, C4<0>, C4<0>;
o0x7f47d2643528 .functor BUFZ 1, C4<z>; HiZ drive
o0x7f47d2643558 .functor BUFZ 1, C4<z>; HiZ drive
L_0x62ec2f5be040 .functor AND 1, o0x7f47d2643528, o0x7f47d2643558, C4<1>, C4<1>;
L_0x62ec2f5be110 .functor AND 1, L_0x62ec2f5bdf80, L_0x62ec2f5be040, C4<1>, C4<1>;
L_0x62ec2f5be250 .functor OR 1, L_0x62ec2f5bdda0, L_0x62ec2f5be110, C4<0>, C4<0>;
L_0x62ec2f5be3a0 .functor AND 1, o0x7f47d26434c8, o0x7f47d26434f8, C4<1>, C4<1>;
L_0x62ec2f5be410 .functor AND 1, L_0x62ec2f5be3a0, o0x7f47d2643528, C4<1>, C4<1>;
L_0x62ec2f5be570 .functor AND 1, L_0x62ec2f5be410, o0x7f47d2643558, C4<1>, C4<1>;
L_0x62ec2f5be680 .functor OR 1, L_0x62ec2f5be250, L_0x62ec2f5be570, C4<0>, C4<0>;
L_0x62ec2f5be7f0 .functor AND 1, o0x7f47d26434f8, o0x7f47d2643528, C4<1>, C4<1>;
L_0x62ec2f5be860 .functor AND 1, L_0x62ec2f5be7f0, o0x7f47d2643558, C4<1>, C4<1>;
L_0x62ec2f5be940 .functor NOT 1, o0x7f47d26434f8, C4<0>, C4<0>, C4<0>;
L_0x62ec2f5be9b0 .functor NOT 1, o0x7f47d2643528, C4<0>, C4<0>, C4<0>;
L_0x62ec2f5be8d0 .functor AND 1, L_0x62ec2f5be940, L_0x62ec2f5be9b0, C4<1>, C4<1>;
L_0x62ec2f5beaa0 .functor AND 1, L_0x62ec2f5be8d0, o0x7f47d2643558, C4<1>, C4<1>;
L_0x62ec2f5bec80 .functor OR 1, L_0x62ec2f5be860, L_0x62ec2f5beaa0, C4<0>, C4<0>;
L_0x62ec2f5bed40 .functor NOT 1, o0x7f47d26434f8, C4<0>, C4<0>, C4<0>;
L_0x62ec2f5bee50 .functor AND 1, L_0x62ec2f5bed40, o0x7f47d2643528, C4<1>, C4<1>;
L_0x62ec2f5bef10 .functor NOT 1, o0x7f47d2643558, C4<0>, C4<0>, C4<0>;
L_0x62ec2f5bf030 .functor AND 1, L_0x62ec2f5bee50, L_0x62ec2f5bef10, C4<1>, C4<1>;
L_0x62ec2f5bf140 .functor OR 1, L_0x62ec2f5bec80, L_0x62ec2f5bf030, C4<0>, C4<0>;
L_0x62ec2f5bf310 .functor NOT 1, o0x7f47d2643528, C4<0>, C4<0>, C4<0>;
L_0x62ec2f5bf380 .functor AND 1, o0x7f47d26434f8, L_0x62ec2f5bf310, C4<1>, C4<1>;
L_0x62ec2f5bf510 .functor NOT 1, o0x7f47d2643558, C4<0>, C4<0>, C4<0>;
L_0x62ec2f5bf580 .functor AND 1, L_0x62ec2f5bf380, L_0x62ec2f5bf510, C4<1>, C4<1>;
L_0x62ec2f5bf770 .functor OR 1, L_0x62ec2f5bf140, L_0x62ec2f5bf580, C4<0>, C4<0>;
v0x62ec2f56df20_0 .net *"_ivl_0", 0 0, L_0x62ec2f5bdda0;  1 drivers
v0x62ec2f5bc220_0 .net *"_ivl_10", 0 0, L_0x62ec2f5be250;  1 drivers
v0x62ec2f5bc300_0 .net *"_ivl_12", 0 0, L_0x62ec2f5be3a0;  1 drivers
v0x62ec2f5bc3c0_0 .net *"_ivl_14", 0 0, L_0x62ec2f5be410;  1 drivers
v0x62ec2f5bc4a0_0 .net *"_ivl_16", 0 0, L_0x62ec2f5be570;  1 drivers
v0x62ec2f5bc5d0_0 .net *"_ivl_2", 0 0, L_0x62ec2f5bde90;  1 drivers
v0x62ec2f5bc6b0_0 .net *"_ivl_20", 0 0, L_0x62ec2f5be7f0;  1 drivers
v0x62ec2f5bc790_0 .net *"_ivl_22", 0 0, L_0x62ec2f5be860;  1 drivers
v0x62ec2f5bc870_0 .net *"_ivl_24", 0 0, L_0x62ec2f5be940;  1 drivers
v0x62ec2f5bc950_0 .net *"_ivl_26", 0 0, L_0x62ec2f5be9b0;  1 drivers
v0x62ec2f5bca30_0 .net *"_ivl_28", 0 0, L_0x62ec2f5be8d0;  1 drivers
v0x62ec2f5bcb10_0 .net *"_ivl_30", 0 0, L_0x62ec2f5beaa0;  1 drivers
v0x62ec2f5bcbf0_0 .net *"_ivl_32", 0 0, L_0x62ec2f5bec80;  1 drivers
v0x62ec2f5bccd0_0 .net *"_ivl_34", 0 0, L_0x62ec2f5bed40;  1 drivers
v0x62ec2f5bcdb0_0 .net *"_ivl_36", 0 0, L_0x62ec2f5bee50;  1 drivers
v0x62ec2f5bce90_0 .net *"_ivl_38", 0 0, L_0x62ec2f5bef10;  1 drivers
v0x62ec2f5bcf70_0 .net *"_ivl_4", 0 0, L_0x62ec2f5bdf80;  1 drivers
v0x62ec2f5bd160_0 .net *"_ivl_40", 0 0, L_0x62ec2f5bf030;  1 drivers
v0x62ec2f5bd240_0 .net *"_ivl_42", 0 0, L_0x62ec2f5bf140;  1 drivers
v0x62ec2f5bd320_0 .net *"_ivl_44", 0 0, L_0x62ec2f5bf310;  1 drivers
v0x62ec2f5bd400_0 .net *"_ivl_46", 0 0, L_0x62ec2f5bf380;  1 drivers
v0x62ec2f5bd4e0_0 .net *"_ivl_48", 0 0, L_0x62ec2f5bf510;  1 drivers
v0x62ec2f5bd5c0_0 .net *"_ivl_50", 0 0, L_0x62ec2f5bf580;  1 drivers
v0x62ec2f5bd6a0_0 .net *"_ivl_6", 0 0, L_0x62ec2f5be040;  1 drivers
v0x62ec2f5bd780_0 .net *"_ivl_8", 0 0, L_0x62ec2f5be110;  1 drivers
v0x62ec2f5bd860_0 .net "a", 0 0, o0x7f47d26434c8;  0 drivers
v0x62ec2f5bd920_0 .net "b", 0 0, o0x7f47d26434f8;  0 drivers
v0x62ec2f5bd9e0_0 .net "c", 0 0, o0x7f47d2643528;  0 drivers
v0x62ec2f5bdaa0_0 .net "d", 0 0, o0x7f47d2643558;  0 drivers
v0x62ec2f5bdb60_0 .net "f", 0 0, L_0x62ec2f5be680;  1 drivers
v0x62ec2f5bdc20_0 .net "g", 0 0, L_0x62ec2f5bf770;  1 drivers
# The file index is used to find the file name in the following table.
:file_names 3;
    "N/A";
    "<interactive>";
    "ex2.v";
